<?xml version="1.0" encoding="UTF-8"?>
<!-- Generated by org.testng.reporters.JUnitXMLReporter -->
<testsuite ignored="2" hostname="RAJRASIN-T480" failures="0" tests="1" name="Default test" time="0.164" errors="0" timestamp="2022-07-01T16:21:44 IST">
  <testcase classname="testCases.TEST1" name="a1" time="0.006"/>
  <testcase classname="testCases.TEST1" name="a2" time="0.0">
    <ignored/>
  </testcase> <!-- a2 -->
  <testcase classname="testCases.TEST1" name="a3" time="0.0">
    <ignored/>
  </testcase> <!-- a3 -->
</testsuite> <!-- Default test -->
