<?xml version="1.0" encoding="UTF-8"?>
<testng-results ignored="2" total="3" passed="1" failed="0" skipped="0">
  <reporter-output>
  </reporter-output>
  <suite started-at="2022-07-01T16:21:43 IST" name="Default suite" finished-at="2022-07-01T16:21:44 IST" duration-ms="164">
    <groups>
    </groups>
    <test started-at="2022-07-01T16:21:43 IST" name="Default test" finished-at="2022-07-01T16:21:44 IST" duration-ms="164">
      <class name="testCases.TEST1">
        <test-method is-config="true" signature="setup()[pri:0, instance:testCases.TEST1@25fb8912]" started-at="2022-07-01T16:21:43 IST" name="setup" finished-at="2022-07-01T16:21:44 IST" duration-ms="112" status="PASS">
          <reporter-output>
          </reporter-output>
        </test-method> <!-- setup -->
        <test-method signature="a1()[pri:0, instance:testCases.TEST1@25fb8912]" started-at="2022-07-01T16:21:44 IST" name="a1" finished-at="2022-07-01T16:21:44 IST" duration-ms="6" status="PASS">
          <reporter-output>
          </reporter-output>
        </test-method> <!-- a1 -->
      </class> <!-- testCases.TEST1 -->
    </test> <!-- Default test -->
  </suite> <!-- Default suite -->
</testng-results>
